Arguments: 
  C:\Program Files\nodejs\node.exe C:\Program Files (x86)\Yarn\bin\yarn.js install

PATH: 
  C:\Users\zhalex\bin;C:\Program Files\Git\mingw64\bin;C:\Program Files\Git\usr\local\bin;C:\Program Files\Git\usr\bin;C:\Program Files\Git\usr\bin;C:\Program Files\Git\mingw64\bin;C:\Program Files\Git\usr\bin;C:\Users\zhalex\bin;C:\Windows\system32;C:\Windows;C:\Windows\System32\Wbem;C:\Windows\System32\WindowsPowerShell\v1.0;C:\Program Files (x86)\NVIDIA Corporation\PhysX\Common;C:\Program Files\Git\cmd;C:\Program Files\PuTTY;C:\WINDOWS\system32;C:\WINDOWS;C:\WINDOWS\System32\Wbem;C:\WINDOWS\System32\WindowsPowerShell\v1.0;C:\Program Files\nodejs;C:\ProgramData\ComposerSetup\bin;C:\WINDOWS\System32\OpenSSH;C:\Program Files (x86)\Yarn\bin;C:\Users\zhalex\AppData\Local\Microsoft\WindowsApps;C:\Program Files (x86)\Yarn\bin;C:\Users\zhalex\AppData\Roaming\npm;C:\wamp64\bin\php\php7.0.10;C:\Users\zhalex\AppData\Roaming\Composer\vendor\bin;C:\Users\zhalex\AppData\Local\atom\bin;C:\Users\zhalex\AppData\Local\Microsoft\WindowsApps;C:\Program Files\Microsoft VS Code\bin;C:\Users\zhalex\AppData\Local\Yarn\bin;C:\Program Files\Git\usr\bin\vendor_perl;C:\Program Files\Git\usr\bin\core_perl

Yarn version: 
  1.9.4

Node version: 
  8.9.4

Platform: 
  win32 x64

Trace: 
  SyntaxError: D:\WORK\saas_avilon\package.json: Unexpected token } in JSON at position 388
      at JSON.parse (<anonymous>)
      at C:\Program Files (x86)\Yarn\lib\cli.js:1130:59
      at Generator.next (<anonymous>)
      at step (C:\Program Files (x86)\Yarn\lib\cli.js:92:30)
      at C:\Program Files (x86)\Yarn\lib\cli.js:103:13
      at <anonymous>

npm manifest: 
  {
    "name": "saas_avilon",
    "version": "1.0.0",
    "main": "index.js",
    "license": "MIT",
    "devDependencies": {
      "browser-sync": "^2.24.7",
      "gulp": "^3.9.1",
      "gulp-autoprefixer": "^6.0.0",
      "gulp-browserify": "^0.5.1",
      "gulp-concat": "^2.6.1",
      "gulp-load-plugins": "^1.5.0",
      "gulp-mustache": "^3.0.1",
      "gulp-sass": "^4.0.1",
      "gulp-uglify": "^3.0.1",
    },
    "dependencies": {
      "animate-scss": "^3.2.1",
      "animate.css": "^3.7.0",
      "bootstrap": "^4.1.3",
      "font-awesome": "^4.7.0",
      "jquery": "^3.3.1",
      "jquery-parallax.js": "^1.5.0",
      "jquery.counterup": "^2.1.0",
      "jquery.simple-text-rotator": "^0.0.1",
      "magnific-popup": "^1.1.0",
      "mdbootstrap": "^4.5.9",
      "morphext": "^2.4.7",
      "owl.carousel": "^2.3.4",
      "popper.js": "^1.14.4",
      "svg4everybody": "^2.1.9",
      "waypoints": "^4.0.1"
    }
  }

yarn manifest: 
  No manifest

Lockfile: 
  No lockfile
